Using pre-set license
Built from '2020.3/release' branch; Version is '2020.3.7f1 (dd97f2c94397) revision 14522354'; Using compiler version '192528614'; Build Type 'Release'
OS: 'Windows 10 Home; OS build 19042.1237; Version 2009; 64bit' Language: 'en' Physical Memory: 16131 MB
BatchMode: 1, IsHumanControllingUs: 0, StartBugReporterOnCrash: 0, Is64bit: 1, IsPro: 0

 COMMAND LINE ARGUMENTS:
C:\Program Files\Unity\Hub\Editor\2020.3.7f1\Editor\Unity.exe
-adb2
-batchMode
-noUpm
-name
AssetImportWorker0
-projectPath
C:/Users/svblu/Desktop/Github4Real/Cursed-Pinball/Cursed Pinball
-logFile
Logs/AssetImportWorker0.log
-srvPort
53554
Successfully changed project path to: C:/Users/svblu/Desktop/Github4Real/Cursed-Pinball/Cursed Pinball
C:/Users/svblu/Desktop/Github4Real/Cursed-Pinball/Cursed Pinball
Using Asset Import Pipeline V2.
Refreshing native plugins compatible for Editor in 38.55 ms, found 0 plugins.
Preloading 0 native plugins for Editor in 0.00 ms.
Initialize engine version: 2020.3.7f1 (dd97f2c94397)
[Subsystems] Discovering subsystems at path C:/Program Files/Unity/Hub/Editor/2020.3.7f1/Editor/Data/Resources/UnitySubsystems
[Subsystems] Discovering subsystems at path C:/Users/svblu/Desktop/Github4Real/Cursed-Pinball/Cursed Pinball/Assets
GfxDevice: creating device client; threaded=0
Direct3D:
    Version:  Direct3D 11.0 [level 11.1]
    Renderer: Intel(R) UHD Graphics 630 (ID=0x9bc8)
    Vendor:   
    VRAM:     8065 MB
    Driver:   27.20.100.9664
Initialize mono
Mono path[0] = 'C:/Program Files/Unity/Hub/Editor/2020.3.7f1/Editor/Data/Managed'
Mono path[1] = 'C:/Program Files/Unity/Hub/Editor/2020.3.7f1/Editor/Data/MonoBleedingEdge/lib/mono/unityjit'
Mono config path = 'C:/Program Files/Unity/Hub/Editor/2020.3.7f1/Editor/Data/MonoBleedingEdge/etc'
Using monoOptions --debugger-agent=transport=dt_socket,embedding=1,server=y,suspend=n,address=127.0.0.1:56320
Begin MonoManager ReloadAssembly
Registering precompiled unity dll's ...
Register platform support module: C:/Program Files/Unity/Hub/Editor/2020.3.7f1/Editor/Data/PlaybackEngines/WebGLSupport/UnityEditor.WebGL.Extensions.dll
Register platform support module: C:/Program Files/Unity/Hub/Editor/2020.3.7f1/Editor/Data/PlaybackEngines/WindowsStandaloneSupport/UnityEditor.WindowsStandalone.Extensions.dll
Registered in 0.002648 seconds.
Native extension for WindowsStandalone target not found
Native extension for WebGL target not found
Refreshing native plugins compatible for Editor in 40.07 ms, found 0 plugins.
Preloading 0 native plugins for Editor in 0.00 ms.
Mono: successfully reloaded assembly
- Completed reload, in  2.528 seconds
Platform modules already initialized, skipping
Registering precompiled user dll's ...
Registered in 0.001531 seconds.
Begin MonoManager ReloadAssembly
Native extension for WindowsStandalone target not found
Native extension for WebGL target not found
Refreshing native plugins compatible for Editor in 47.10 ms, found 0 plugins.
Preloading 0 native plugins for Editor in 0.00 ms.
Mono: successfully reloaded assembly
- Completed reload, in  0.920 seconds
Platform modules already initialized, skipping
========================================================================
Worker process is ready to serve import requests
Shader 'Universal Render Pipeline/Particles/Lit': fallback shader 'Universal Render Pipeline/Particles/SimpleLit' not found
Shader 'Universal Render Pipeline/Particles/Lit': fallback shader 'Universal Render Pipeline/Particles/SimpleLit' not found
Launched and connected shader compiler UnityShaderCompiler.exe after 0.03 seconds
Refreshing native plugins compatible for Editor in 0.39 ms, found 0 plugins.
Preloading 0 native plugins for Editor in 0.00 ms.
Unloading 2569 Unused Serialized files (Serialized files now loaded: 0)
System memory in use before: 115.7 MB.
System memory in use after: 111.9 MB.

Unloading 59 unused Assets to reduce memory usage. Loaded Objects now: 2965.
Total: 3.615400 ms (FindLiveObjects: 0.260600 ms CreateObjectMapping: 0.122700 ms MarkObjects: 1.735500 ms  DeleteObjects: 1.495800 ms)

========================================================================
Received Import Request.
  path: Assets/Sprites/PinballBack.png
  artifactKey: Guid(7a023235ba426344e8fac0d8fdb24a6a) Importer(815301076,1909f56bfc062723c751e8b465ee728b)
Start importing Assets/Sprites/PinballBack.png using Guid(7a023235ba426344e8fac0d8fdb24a6a) Importer(815301076,1909f56bfc062723c751e8b465ee728b)  -> (artifact id: '4cd8c14043e71b5cd61c4d9cefd37600') in 0.053142 seconds
  Import took 0.057366 seconds .

========================================================================
Received Import Request.
  Time since last request: 4.439293 seconds.
  path: Assets/Sprites/PinballBack.png
  artifactKey: Guid(7a023235ba426344e8fac0d8fdb24a6a) Importer(815301076,1909f56bfc062723c751e8b465ee728b)
Start importing Assets/Sprites/PinballBack.png using Guid(7a023235ba426344e8fac0d8fdb24a6a) Importer(815301076,1909f56bfc062723c751e8b465ee728b)  -> (artifact id: 'e8894d32640e3d5e5bd88f87f3411d3a') in 0.045378 seconds
  Import took 0.049209 seconds .

========================================================================
Received Import Request.
  Time since last request: 132.458777 seconds.
  path: Assets/Sprites/PinballBounce.png
  artifactKey: Guid(039d0093eefddf5468cb4d43d71ea1d7) Importer(815301076,1909f56bfc062723c751e8b465ee728b)
Start importing Assets/Sprites/PinballBounce.png using Guid(039d0093eefddf5468cb4d43d71ea1d7) Importer(815301076,1909f56bfc062723c751e8b465ee728b)  -> (artifact id: 'd084d75ab6b214adbdb8293f86672619') in 0.006983 seconds
  Import took 0.011816 seconds .

========================================================================
Received Import Request.
  Time since last request: 9.290316 seconds.
  path: Assets/Sprites/PinballBounce.png
  artifactKey: Guid(039d0093eefddf5468cb4d43d71ea1d7) Importer(815301076,1909f56bfc062723c751e8b465ee728b)
Start importing Assets/Sprites/PinballBounce.png using Guid(039d0093eefddf5468cb4d43d71ea1d7) Importer(815301076,1909f56bfc062723c751e8b465ee728b)  -> (artifact id: '859c5544779d4080f9c5ada0c27e863c') in 0.012861 seconds
  Import took 0.017062 seconds .

========================================================================
Received Import Request.
  Time since last request: 0.007408 seconds.
  path: Assets/Sprites/PinballBounce.png
  artifactKey: Guid(039d0093eefddf5468cb4d43d71ea1d7) Importer(815301076,1909f56bfc062723c751e8b465ee728b)
Start importing Assets/Sprites/PinballBounce.png using Guid(039d0093eefddf5468cb4d43d71ea1d7) Importer(815301076,1909f56bfc062723c751e8b465ee728b)  -> (artifact id: '859c5544779d4080f9c5ada0c27e863c') in 0.012574 seconds
  Import took 0.016637 seconds .

========================================================================
Received Import Request.
  Time since last request: 1702.693791 seconds.
  path: Assets/Sprites/PinballBounce2.png
  artifactKey: Guid(7c6aeeca4aa831e4b8b1135ddc8626f0) Importer(815301076,1909f56bfc062723c751e8b465ee728b)
Start importing Assets/Sprites/PinballBounce2.png using Guid(7c6aeeca4aa831e4b8b1135ddc8626f0) Importer(815301076,1909f56bfc062723c751e8b465ee728b)  -> (artifact id: '619d70f3665be00e68d2c282b01e8184') in 0.010060 seconds
  Import took 0.014576 seconds .

========================================================================
Received Import Request.
  Time since last request: 9.393579 seconds.
  path: Assets/Sprites/PinballBounce2.png
  artifactKey: Guid(7c6aeeca4aa831e4b8b1135ddc8626f0) Importer(815301076,1909f56bfc062723c751e8b465ee728b)
Start importing Assets/Sprites/PinballBounce2.png using Guid(7c6aeeca4aa831e4b8b1135ddc8626f0) Importer(815301076,1909f56bfc062723c751e8b465ee728b)  -> (artifact id: '69d8e48ae76c24f70abaa884bc620ee6') in 0.012881 seconds
  Import took 0.016975 seconds .

========================================================================
Received Import Request.
  Time since last request: 0.000331 seconds.
  path: Assets/Sprites/PinballBounce2.png
  artifactKey: Guid(7c6aeeca4aa831e4b8b1135ddc8626f0) Importer(815301076,1909f56bfc062723c751e8b465ee728b)
Start importing Assets/Sprites/PinballBounce2.png using Guid(7c6aeeca4aa831e4b8b1135ddc8626f0) Importer(815301076,1909f56bfc062723c751e8b465ee728b)  -> (artifact id: '69d8e48ae76c24f70abaa884bc620ee6') in 0.015189 seconds
  Import took 0.019284 seconds .

========================================================================
Received Import Request.
  Time since last request: 60.071268 seconds.
  path: Assets/Sprites/PinballBounce2.png
  artifactKey: Guid(7c6aeeca4aa831e4b8b1135ddc8626f0) Importer(815301076,1909f56bfc062723c751e8b465ee728b)
Start importing Assets/Sprites/PinballBounce2.png using Guid(7c6aeeca4aa831e4b8b1135ddc8626f0) Importer(815301076,1909f56bfc062723c751e8b465ee728b)  -> (artifact id: '2517d663fc8ed3c8986c6d0d7b383cd3') in 0.011119 seconds
  Import took 0.016214 seconds .

========================================================================
Received Import Request.
  Time since last request: 40.822575 seconds.
  path: Assets/Sprites/PinballBounce3.png
  artifactKey: Guid(31e314e7765fae348bbf432d97c13ebd) Importer(815301076,1909f56bfc062723c751e8b465ee728b)
Start importing Assets/Sprites/PinballBounce3.png using Guid(31e314e7765fae348bbf432d97c13ebd) Importer(815301076,1909f56bfc062723c751e8b465ee728b)  -> (artifact id: '49874fe3013a5ecfa43904f52b042aa7') in 0.008453 seconds
  Import took 0.012704 seconds .

========================================================================
Received Import Request.
  Time since last request: 11.895815 seconds.
  path: Assets/Sprites/PinballBounce3.png
  artifactKey: Guid(31e314e7765fae348bbf432d97c13ebd) Importer(815301076,1909f56bfc062723c751e8b465ee728b)
Start importing Assets/Sprites/PinballBounce3.png using Guid(31e314e7765fae348bbf432d97c13ebd) Importer(815301076,1909f56bfc062723c751e8b465ee728b)  -> (artifact id: '58508845d4659c8a68edeb8ed0f48f13') in 0.011497 seconds
  Import took 0.015881 seconds .

========================================================================
Received Import Request.
  Time since last request: 0.001033 seconds.
  path: Assets/Sprites/PinballBounce3.png
  artifactKey: Guid(31e314e7765fae348bbf432d97c13ebd) Importer(815301076,1909f56bfc062723c751e8b465ee728b)
Start importing Assets/Sprites/PinballBounce3.png using Guid(31e314e7765fae348bbf432d97c13ebd) Importer(815301076,1909f56bfc062723c751e8b465ee728b)  -> (artifact id: '58508845d4659c8a68edeb8ed0f48f13') in 0.011789 seconds
  Import took 0.016045 seconds .

========================================================================
Received Prepare
Registering precompiled user dll's ...
Registered in 0.001432 seconds.
Begin MonoManager ReloadAssembly
Native extension for WindowsStandalone target not found
Native extension for WebGL target not found
Refreshing native plugins compatible for Editor in 0.39 ms, found 0 plugins.
Preloading 0 native plugins for Editor in 0.00 ms.
Mono: successfully reloaded assembly
- Completed reload, in  0.813 seconds
Platform modules already initialized, skipping
Shader 'Universal Render Pipeline/Particles/Lit': fallback shader 'Universal Render Pipeline/Particles/SimpleLit' not found
Shader 'Universal Render Pipeline/Particles/Lit': fallback shader 'Universal Render Pipeline/Particles/SimpleLit' not found
Refreshing native plugins compatible for Editor in 0.38 ms, found 0 plugins.
Preloading 0 native plugins for Editor in 0.00 ms.
Unloading 2554 Unused Serialized files (Serialized files now loaded: 0)
System memory in use before: 117.8 MB.
System memory in use after: 114.1 MB.

Unloading 54 unused Assets to reduce memory usage. Loaded Objects now: 2975.
Total: 3.728800 ms (FindLiveObjects: 0.266100 ms CreateObjectMapping: 0.106300 ms MarkObjects: 1.786400 ms  DeleteObjects: 1.569300 ms)

========================================================================
Received Prepare
Registering precompiled user dll's ...
Registered in 0.001498 seconds.
Begin MonoManager ReloadAssembly
Native extension for WindowsStandalone target not found
Native extension for WebGL target not found
Refreshing native plugins compatible for Editor in 0.40 ms, found 0 plugins.
Preloading 0 native plugins for Editor in 0.00 ms.
Mono: successfully reloaded assembly
- Completed reload, in  0.886 seconds
Platform modules already initialized, skipping
Shader 'Universal Render Pipeline/Particles/Lit': fallback shader 'Universal Render Pipeline/Particles/SimpleLit' not found
Shader 'Universal Render Pipeline/Particles/Lit': fallback shader 'Universal Render Pipeline/Particles/SimpleLit' not found
Refreshing native plugins compatible for Editor in 0.52 ms, found 0 plugins.
Preloading 0 native plugins for Editor in 0.00 ms.
Unloading 2554 Unused Serialized files (Serialized files now loaded: 0)
System memory in use before: 117.7 MB.
System memory in use after: 114.1 MB.

Unloading 54 unused Assets to reduce memory usage. Loaded Objects now: 2978.
Total: 4.624900 ms (FindLiveObjects: 0.588100 ms CreateObjectMapping: 0.237000 ms MarkObjects: 2.210800 ms  DeleteObjects: 1.584900 ms)

========================================================================
Received Prepare
Registering precompiled user dll's ...
Registered in 0.001531 seconds.
Begin MonoManager ReloadAssembly
Native extension for WindowsStandalone target not found
Native extension for WebGL target not found
Refreshing native plugins compatible for Editor in 0.42 ms, found 0 plugins.
Preloading 0 native plugins for Editor in 0.00 ms.
Mono: successfully reloaded assembly
- Completed reload, in  0.855 seconds
Platform modules already initialized, skipping
Shader 'Universal Render Pipeline/Particles/Lit': fallback shader 'Universal Render Pipeline/Particles/SimpleLit' not found
Shader 'Universal Render Pipeline/Particles/Lit': fallback shader 'Universal Render Pipeline/Particles/SimpleLit' not found
Refreshing native plugins compatible for Editor in 0.80 ms, found 0 plugins.
Preloading 0 native plugins for Editor in 0.00 ms.
Unloading 2554 Unused Serialized files (Serialized files now loaded: 0)
System memory in use before: 117.8 MB.
System memory in use after: 114.1 MB.

Unloading 54 unused Assets to reduce memory usage. Loaded Objects now: 2981.
Total: 3.831900 ms (FindLiveObjects: 0.255400 ms CreateObjectMapping: 0.088100 ms MarkObjects: 1.755100 ms  DeleteObjects: 1.732200 ms)

========================================================================
Received Prepare
Registering precompiled user dll's ...
Registered in 0.001962 seconds.
Begin MonoManager ReloadAssembly
Native extension for WindowsStandalone target not found
Native extension for WebGL target not found
Refreshing native plugins compatible for Editor in 0.42 ms, found 0 plugins.
Preloading 0 native plugins for Editor in 0.00 ms.
Mono: successfully reloaded assembly
- Completed reload, in  0.804 seconds
Platform modules already initialized, skipping
Shader 'Universal Render Pipeline/Particles/Lit': fallback shader 'Universal Render Pipeline/Particles/SimpleLit' not found
Shader 'Universal Render Pipeline/Particles/Lit': fallback shader 'Universal Render Pipeline/Particles/SimpleLit' not found
Refreshing native plugins compatible for Editor in 0.54 ms, found 0 plugins.
Preloading 0 native plugins for Editor in 0.00 ms.
Unloading 2554 Unused Serialized files (Serialized files now loaded: 0)
System memory in use before: 117.9 MB.
System memory in use after: 114.1 MB.

Unloading 54 unused Assets to reduce memory usage. Loaded Objects now: 2984.
Total: 3.830700 ms (FindLiveObjects: 0.239000 ms CreateObjectMapping: 0.081100 ms MarkObjects: 1.838800 ms  DeleteObjects: 1.670800 ms)

========================================================================
Received Prepare
Registering precompiled user dll's ...
Registered in 0.002470 seconds.
Begin MonoManager ReloadAssembly
Native extension for WindowsStandalone target not found
Native extension for WebGL target not found
Refreshing native plugins compatible for Editor in 0.57 ms, found 0 plugins.
Preloading 0 native plugins for Editor in 0.00 ms.
Mono: successfully reloaded assembly
- Completed reload, in  1.440 seconds
Platform modules already initialized, skipping
Shader 'Universal Render Pipeline/Particles/Lit': fallback shader 'Universal Render Pipeline/Particles/SimpleLit' not found
Shader 'Universal Render Pipeline/Particles/Lit': fallback shader 'Universal Render Pipeline/Particles/SimpleLit' not found
Refreshing native plugins compatible for Editor in 0.95 ms, found 0 plugins.
Preloading 0 native plugins for Editor in 0.00 ms.
Unloading 2554 Unused Serialized files (Serialized files now loaded: 0)
System memory in use before: 117.7 MB.
System memory in use after: 114.1 MB.

Unloading 54 unused Assets to reduce memory usage. Loaded Objects now: 2987.
Total: 8.931200 ms (FindLiveObjects: 0.542700 ms CreateObjectMapping: 0.689900 ms MarkObjects: 4.037400 ms  DeleteObjects: 3.654200 ms)

========================================================================
Received Prepare
Registering precompiled user dll's ...
Registered in 0.001917 seconds.
Begin MonoManager ReloadAssembly
Native extension for WindowsStandalone target not found
Native extension for WebGL target not found
Refreshing native plugins compatible for Editor in 0.39 ms, found 0 plugins.
Preloading 0 native plugins for Editor in 0.00 ms.
Mono: successfully reloaded assembly
- Completed reload, in  0.822 seconds
Platform modules already initialized, skipping
Shader 'Universal Render Pipeline/Particles/Lit': fallback shader 'Universal Render Pipeline/Particles/SimpleLit' not found
Shader 'Universal Render Pipeline/Particles/Lit': fallback shader 'Universal Render Pipeline/Particles/SimpleLit' not found
Refreshing native plugins compatible for Editor in 0.43 ms, found 0 plugins.
Preloading 0 native plugins for Editor in 0.00 ms.
Unloading 2554 Unused Serialized files (Serialized files now loaded: 0)
System memory in use before: 117.8 MB.
System memory in use after: 114.2 MB.

Unloading 54 unused Assets to reduce memory usage. Loaded Objects now: 2990.
Total: 4.391600 ms (FindLiveObjects: 0.412500 ms CreateObjectMapping: 0.183300 ms MarkObjects: 2.067000 ms  DeleteObjects: 1.725400 ms)

========================================================================
Received Import Request.
  Time since last request: 456.648500 seconds.
  path: Assets/Walls.physicsMaterial2D
  artifactKey: Guid(e9df2685e1aa6204591844b078e60a94) Importer(815301076,1909f56bfc062723c751e8b465ee728b)
Start importing Assets/Walls.physicsMaterial2D using Guid(e9df2685e1aa6204591844b078e60a94) Importer(815301076,1909f56bfc062723c751e8b465ee728b)  -> (artifact id: '0eea0cc0d2234405f43d707577e49be3') in 0.014247 seconds
  Import took 0.020572 seconds .

========================================================================
Received Import Request.
  Time since last request: 15.686743 seconds.
  path: Assets/Walls.physicsMaterial2D
  artifactKey: Guid(e9df2685e1aa6204591844b078e60a94) Importer(815301076,1909f56bfc062723c751e8b465ee728b)
Start importing Assets/Walls.physicsMaterial2D using Guid(e9df2685e1aa6204591844b078e60a94) Importer(815301076,1909f56bfc062723c751e8b465ee728b)  -> (artifact id: '95238f3c6836c4d869da22c5d9956994') in 0.002857 seconds
  Import took 0.007003 seconds .

========================================================================
Received Import Request.
  Time since last request: 0.001341 seconds.
  path: Assets/Walls.physicsMaterial2D
  artifactKey: Guid(e9df2685e1aa6204591844b078e60a94) Importer(815301076,1909f56bfc062723c751e8b465ee728b)
Start importing Assets/Walls.physicsMaterial2D using Guid(e9df2685e1aa6204591844b078e60a94) Importer(815301076,1909f56bfc062723c751e8b465ee728b)  -> (artifact id: '95238f3c6836c4d869da22c5d9956994') in 0.004952 seconds
  Import took 0.009700 seconds .

========================================================================
Received Prepare
Registering precompiled user dll's ...
Registered in 0.001447 seconds.
Begin MonoManager ReloadAssembly
Native extension for WindowsStandalone target not found
Native extension for WebGL target not found
Refreshing native plugins compatible for Editor in 0.46 ms, found 0 plugins.
Preloading 0 native plugins for Editor in 0.00 ms.
Mono: successfully reloaded assembly
- Completed reload, in  0.848 seconds
Platform modules already initialized, skipping
Shader 'Universal Render Pipeline/Particles/Lit': fallback shader 'Universal Render Pipeline/Particles/SimpleLit' not found
Shader 'Universal Render Pipeline/Particles/Lit': fallback shader 'Universal Render Pipeline/Particles/SimpleLit' not found
Refreshing native plugins compatible for Editor in 0.67 ms, found 0 plugins.
Preloading 0 native plugins for Editor in 0.00 ms.
Unloading 2554 Unused Serialized files (Serialized files now loaded: 0)
System memory in use before: 117.8 MB.
System memory in use after: 114.2 MB.

Unloading 54 unused Assets to reduce memory usage. Loaded Objects now: 2993.
Total: 4.684200 ms (FindLiveObjects: 0.422500 ms CreateObjectMapping: 0.159000 ms MarkObjects: 2.031100 ms  DeleteObjects: 2.070100 ms)

========================================================================
Received Prepare
Registering precompiled user dll's ...
Registered in 0.001420 seconds.
Begin MonoManager ReloadAssembly
Native extension for WindowsStandalone target not found
Native extension for WebGL target not found
Refreshing native plugins compatible for Editor in 0.41 ms, found 0 plugins.
Preloading 0 native plugins for Editor in 0.00 ms.
Mono: successfully reloaded assembly
- Completed reload, in  0.823 seconds
Platform modules already initialized, skipping
Shader 'Universal Render Pipeline/Particles/Lit': fallback shader 'Universal Render Pipeline/Particles/SimpleLit' not found
Shader 'Universal Render Pipeline/Particles/Lit': fallback shader 'Universal Render Pipeline/Particles/SimpleLit' not found
Refreshing native plugins compatible for Editor in 0.43 ms, found 0 plugins.
Preloading 0 native plugins for Editor in 0.00 ms.
Unloading 2554 Unused Serialized files (Serialized files now loaded: 0)
System memory in use before: 117.9 MB.
System memory in use after: 114.2 MB.

Unloading 54 unused Assets to reduce memory usage. Loaded Objects now: 2996.
Total: 3.883000 ms (FindLiveObjects: 0.323100 ms CreateObjectMapping: 0.113700 ms MarkObjects: 1.714200 ms  DeleteObjects: 1.730600 ms)

========================================================================
Received Prepare
Registering precompiled user dll's ...
Registered in 0.001467 seconds.
Begin MonoManager ReloadAssembly
Native extension for WindowsStandalone target not found
Native extension for WebGL target not found
Refreshing native plugins compatible for Editor in 0.45 ms, found 0 plugins.
Preloading 0 native plugins for Editor in 0.00 ms.
Mono: successfully reloaded assembly
- Completed reload, in  0.871 seconds
Platform modules already initialized, skipping
Shader 'Universal Render Pipeline/Particles/Lit': fallback shader 'Universal Render Pipeline/Particles/SimpleLit' not found
Shader 'Universal Render Pipeline/Particles/Lit': fallback shader 'Universal Render Pipeline/Particles/SimpleLit' not found
Refreshing native plugins compatible for Editor in 0.40 ms, found 0 plugins.
Preloading 0 native plugins for Editor in 0.00 ms.
Unloading 2554 Unused Serialized files (Serialized files now loaded: 0)
System memory in use before: 117.9 MB.
System memory in use after: 114.2 MB.

Unloading 54 unused Assets to reduce memory usage. Loaded Objects now: 2999.
Total: 4.873200 ms (FindLiveObjects: 0.459000 ms CreateObjectMapping: 0.135100 ms MarkObjects: 2.195800 ms  DeleteObjects: 2.082000 ms)

========================================================================
Received Import Request.
  Time since last request: 453.194863 seconds.
  path: Assets/Sprites/PinballBounce.png
  artifactKey: Guid(039d0093eefddf5468cb4d43d71ea1d7) Importer(815301076,1909f56bfc062723c751e8b465ee728b)
Start importing Assets/Sprites/PinballBounce.png using Guid(039d0093eefddf5468cb4d43d71ea1d7) Importer(815301076,1909f56bfc062723c751e8b465ee728b)  -> (artifact id: '4b9a49c099d2020554d8184e4c375e35') in 0.054791 seconds
  Import took 0.060035 seconds .

========================================================================
Received Import Request.
  Time since last request: 0.000239 seconds.
  path: Assets/Sprites/PinballBounce2.png
  artifactKey: Guid(7c6aeeca4aa831e4b8b1135ddc8626f0) Importer(815301076,1909f56bfc062723c751e8b465ee728b)
Start importing Assets/Sprites/PinballBounce2.png using Guid(7c6aeeca4aa831e4b8b1135ddc8626f0) Importer(815301076,1909f56bfc062723c751e8b465ee728b)  -> (artifact id: '4b939121813cb42f9f5838e4deb9f6aa') in 0.010670 seconds
  Import took 0.013982 seconds .

========================================================================
Received Import Request.
  Time since last request: 0.000203 seconds.
  path: Assets/Sprites/PinballBounce3.png
  artifactKey: Guid(31e314e7765fae348bbf432d97c13ebd) Importer(815301076,1909f56bfc062723c751e8b465ee728b)
Start importing Assets/Sprites/PinballBounce3.png using Guid(31e314e7765fae348bbf432d97c13ebd) Importer(815301076,1909f56bfc062723c751e8b465ee728b)  -> (artifact id: '48b19bbebc44fa359391faf54b900141') in 0.018677 seconds
  Import took 0.022976 seconds .

========================================================================
Received Import Request.
  Time since last request: 3.694005 seconds.
  path: Assets/Sprites/PinballBounce.png
  artifactKey: Guid(039d0093eefddf5468cb4d43d71ea1d7) Importer(815301076,1909f56bfc062723c751e8b465ee728b)
Start importing Assets/Sprites/PinballBounce.png using Guid(039d0093eefddf5468cb4d43d71ea1d7) Importer(815301076,1909f56bfc062723c751e8b465ee728b)  -> (artifact id: '61c1bff369f8a74552ed50648ba03f04') in 0.013024 seconds
  Import took 0.017007 seconds .

========================================================================
Received Import Request.
  Time since last request: 0.005298 seconds.
  path: Assets/Sprites/PinballBounce.png
  artifactKey: Guid(039d0093eefddf5468cb4d43d71ea1d7) Importer(815301076,1909f56bfc062723c751e8b465ee728b)
Start importing Assets/Sprites/PinballBounce.png using Guid(039d0093eefddf5468cb4d43d71ea1d7) Importer(815301076,1909f56bfc062723c751e8b465ee728b)  -> (artifact id: '61c1bff369f8a74552ed50648ba03f04') in 0.011833 seconds
  Import took 0.016769 seconds .

========================================================================
Received Import Request.
  Time since last request: 0.000229 seconds.
  path: Assets/Sprites/PinballBounce2.png
  artifactKey: Guid(7c6aeeca4aa831e4b8b1135ddc8626f0) Importer(815301076,1909f56bfc062723c751e8b465ee728b)
Start importing Assets/Sprites/PinballBounce2.png using Guid(7c6aeeca4aa831e4b8b1135ddc8626f0) Importer(815301076,1909f56bfc062723c751e8b465ee728b)  -> (artifact id: '338c448e8748dfe20555ad2871131887') in 0.013759 seconds
  Import took 0.022676 seconds .

========================================================================
Received Import Request.
  Time since last request: 0.000238 seconds.
  path: Assets/Sprites/PinballBounce3.png
  artifactKey: Guid(31e314e7765fae348bbf432d97c13ebd) Importer(815301076,1909f56bfc062723c751e8b465ee728b)
Start importing Assets/Sprites/PinballBounce3.png using Guid(31e314e7765fae348bbf432d97c13ebd) Importer(815301076,1909f56bfc062723c751e8b465ee728b)  -> (artifact id: '9fab14ac624fb8a5f661bc5225f72f23') in 0.019683 seconds
  Import took 0.026453 seconds .

========================================================================
Received Import Request.
  Time since last request: 2.757211 seconds.
  path: Assets/Sprites/PinballBounce.png
  artifactKey: Guid(039d0093eefddf5468cb4d43d71ea1d7) Importer(815301076,1909f56bfc062723c751e8b465ee728b)
Start importing Assets/Sprites/PinballBounce.png using Guid(039d0093eefddf5468cb4d43d71ea1d7) Importer(815301076,1909f56bfc062723c751e8b465ee728b)  -> (artifact id: '427749bf268b91041e3df38b02204fd0') in 0.010034 seconds
  Import took 0.013806 seconds .

========================================================================
Received Import Request.
  Time since last request: 0.004574 seconds.
  path: Assets/Sprites/PinballBounce.png
  artifactKey: Guid(039d0093eefddf5468cb4d43d71ea1d7) Importer(815301076,1909f56bfc062723c751e8b465ee728b)
Start importing Assets/Sprites/PinballBounce.png using Guid(039d0093eefddf5468cb4d43d71ea1d7) Importer(815301076,1909f56bfc062723c751e8b465ee728b)  -> (artifact id: '427749bf268b91041e3df38b02204fd0') in 0.016706 seconds
  Import took 0.020671 seconds .

========================================================================
Received Import Request.
  Time since last request: 0.000223 seconds.
  path: Assets/Sprites/PinballBounce2.png
  artifactKey: Guid(7c6aeeca4aa831e4b8b1135ddc8626f0) Importer(815301076,1909f56bfc062723c751e8b465ee728b)
Start importing Assets/Sprites/PinballBounce2.png using Guid(7c6aeeca4aa831e4b8b1135ddc8626f0) Importer(815301076,1909f56bfc062723c751e8b465ee728b)  -> (artifact id: '28741c8717da1c5a0761c891922669cc') in 0.011284 seconds
  Import took 0.016708 seconds .

========================================================================
Received Import Request.
  Time since last request: 0.000226 seconds.
  path: Assets/Sprites/PinballBounce3.png
  artifactKey: Guid(31e314e7765fae348bbf432d97c13ebd) Importer(815301076,1909f56bfc062723c751e8b465ee728b)
Start importing Assets/Sprites/PinballBounce3.png using Guid(31e314e7765fae348bbf432d97c13ebd) Importer(815301076,1909f56bfc062723c751e8b465ee728b)  -> (artifact id: '238a40da6a75ffec7f8dd97a17eac1e2') in 0.014375 seconds
  Import took 0.019664 seconds .

========================================================================
Received Prepare
Registering precompiled user dll's ...
Registered in 0.001592 seconds.
Begin MonoManager ReloadAssembly
Native extension for WindowsStandalone target not found
Native extension for WebGL target not found
Refreshing native plugins compatible for Editor in 0.50 ms, found 0 plugins.
Preloading 0 native plugins for Editor in 0.00 ms.
Mono: successfully reloaded assembly
- Completed reload, in  0.837 seconds
Platform modules already initialized, skipping
Shader 'Universal Render Pipeline/Particles/Lit': fallback shader 'Universal Render Pipeline/Particles/SimpleLit' not found
Shader 'Universal Render Pipeline/Particles/Lit': fallback shader 'Universal Render Pipeline/Particles/SimpleLit' not found
Refreshing native plugins compatible for Editor in 0.38 ms, found 0 plugins.
Preloading 0 native plugins for Editor in 0.00 ms.
Unloading 2554 Unused Serialized files (Serialized files now loaded: 0)
System memory in use before: 117.9 MB.
System memory in use after: 114.2 MB.

Unloading 54 unused Assets to reduce memory usage. Loaded Objects now: 3003.
Total: 3.723400 ms (FindLiveObjects: 0.267400 ms CreateObjectMapping: 0.107500 ms MarkObjects: 1.637000 ms  DeleteObjects: 1.710600 ms)

AssetImportWorkerClient::OnTransportError - code=2 error=End of file
